build/app/outputs/mapping/release/seeds.txt
com.move.move_app_1.MainActivity
com.move.move_app_1.MainActivity: MainActivity()
...
io.flutter.app.FlutterApplication: android.app.Activity getCurrentActivity()
com.google.android.gms.internal.firebase-auth-api.zzma: android.os.Parcelable$Creator CREATOR
io.flutter.plugins.firebase.firestore.R$integer: R$integer()
io.flutter.plugins.packageinfo.R$id: int accessibility_custom_action_10
io.flutter.plugins.sharedpreferences.MethodCallHandlerImpl: java.util.Map getAllPrefs()
io.flutter.plugins.firebase.storage.R$drawable: int common_google_signin_btn_text_light_focused
io.flutter.embedding.engine.systemchannels.TextInputChannel: void search(int)
io.flutter.plugin.editing.TextInputPlugin: android.text.Editable getEditable()
io.grpc.ConnectivityState: io.grpc.ConnectivityState valueOf(java.lang.String)
io.flutter.plugins.googlemaps.R$id: int blocking
io.flutter.plugins.firebase.firestore.R$id: int accessibility_custom_action_31
io.flutter.plugin.platform.PlatformView: void onFlutterViewAttached(android.view.View)
io.flutter.embedding.engine.FlutterEngineConnectionRegistry: void destroy()
io.flutter.view.AccessibilityBridge$CustomAccessibilityAction: int access$3700(io.flutter.view.AccessibilityBridge$CustomAccessibilityAction)
io.flutter.plugins.firebase.messaging.R$id: int accessibility_custom_action_14
io.flutter.embedding.engine.renderer.FlutterRenderer$SurfaceTextureRegistryEntry: android.graphics.SurfaceTexture$OnFrameAvailableListener onFrameListener
io.flutter.plugins.firebase.storage.FlutterFirebaseStorageTask$FlutterFirebaseStorageTaskType: io.flutter.plugins.firebase.storage.FlutterFirebaseStorageTask$FlutterFirebaseStorageTaskType BYTES
io.flutter.embedding.android.FlutterSurfaceView: boolean isSurfaceAvailableForRendering
androidx.fragment.app.Fragment: android.view.View requireView()
io.flutter.plugins.firebase.storage.R$style
io.flutter.plugins.firebase.auth.FlutterFirebaseAuthPlugin$1
io.flutter.plugins.firebase.messaging.R$styleable: int FontFamilyFont_fontWeight
io.flutter.plugins.firebase.storage.R$layout: int notification_template_part_time
io.flutter.plugins.sharedpreferences.MethodCallHandlerImpl: java.lang.String SHARED_PREFERENCES_NAME
io.flutter.plugins.imagepicker.BuildConfig: int VERSION_CODE
io.flutter.plugins.googlemaps.PolygonController: boolean consumeTapEvents
com.google.firestore.v1.StructuredQuery$FieldFilter: com.google.firestore.v1.Value value_
io.flutter.plugins.sharedpreferences.R$id: int accessibility_custom_action_22
io.flutter.embedding.android.FlutterFragment: java.lang.String ARG_SHOULD_ATTACH_ENGINE_TO_ACTIVITY
io.flutter.plugins.firebase.firestore.R$dimen: int notification_small_icon_size_as_large
io.flutter.embedding.engine.plugins.activity.ActivityPluginBinding: void removeOnUserLeaveHintListener(io.flutter.plugin.common.PluginRegistry$UserLeaveHintListener)
io.flutter.plugins.packageinfo.BuildConfig: boolean DEBUG
io.flutter.plugins.firebase.auth.R$id: int forever
io.flutter.embedding.engine.FlutterJNI: android.os.Looper mainLooper
io.flutter.plugins.flutter_plugin_android_lifecycle.R$id: int accessibility_custom_action_3
io.flutter.plugins.imagepicker.ImagePickerPlugin: int CAMERA_DEVICE_REAR
io.flutter.embedding.engine.FlutterEngine: io.flutter.embedding.engine.systemchannels.LocalizationChannel localizationChannel
androidx.fragment.app.Fragment: void startActivity(android.content.Intent,android.os.Bundle)
io.flutter.plugins.googlemaps.GoogleMapController$1: void onSnapshotReady(android.graphics.Bitmap)
io.flutter.plugins.firebase.core.R$id: int dialog_button
io.flutter.plugins.firebase.firestore.R$layout: int notification_action
io.flutter.embedding.android.FlutterFragment: androidx.activity.OnBackPressedCallback onBackPressedCallback
io.flutter.plugins.firebase.auth.FlutterFirebaseAuthPluginException: java.util.Map additionalData
io.flutter.plugins.flutter_plugin_android_lifecycle.R$id: int forever
com.google.firebase.firestore.core.OrderBy$Direction: com.google.firebase.firestore.core.OrderBy$Direction valueOf(java.lang.String)