build/app/outputs/mapping/release/mapping.txt
# compiler: R8
# compiler_version: 1.6.82
# min_api: 21
# pg_map_id: 573d7f6
# common_typos_disable
...
com.google.firestore.v1.Target$DocumentsTarget$Builder -> b.c.d.a.l0$c$a:
    com.google.firestore.v1.Target$DocumentsTarget$Builder addDocuments(java.lang.String) -> a
com.google.firestore.v1.Target$DocumentsTargetOrBuilder -> b.c.d.a.l0$d:
com.google.firestore.v1.Target$QueryTarget -> b.c.d.a.l0$e:
    void access$1200(com.google.firestore.v1.Target$QueryTarget,com.google.firestore.v1.StructuredQuery) -> a
    void access$900(com.google.firestore.v1.Target$QueryTarget,java.lang.String) -> a
    java.lang.Object dynamicMethod(com.google.protobuf.GeneratedMessageLite$MethodToInvoke,java.lang.Object,java.lang.Object) -> a
    void setParent(java.lang.String) -> a
    void setStructuredQuery(com.google.firestore.v1.StructuredQuery) -> a
    java.lang.String getParent() -> s
    com.google.firestore.v1.StructuredQuery getStructuredQuery() -> t
    com.google.firestore.v1.Target$QueryTarget access$700() -> u
    com.google.firestore.v1.Target$QueryTarget getDefaultInstance() -> v
    com.google.firestore.v1.Target$QueryTarget$Builder newBuilder() -> w
com.google.firestore.v1.Target$QueryTarget$Builder -> b.c.d.a.l0$e$a:
    com.google.firestore.v1.Target$QueryTarget$Builder setParent(java.lang.String) -> a
    com.google.firestore.v1.Target$QueryTarget$Builder setStructuredQuery(com.google.firestore.v1.StructuredQuery$Builder) -> a
com.google.firestore.v1.Target$QueryTargetOrBuilder -> b.c.d.a.l0$f:
com.google.firestore.v1.TargetChange -> b.c.d.a.m0:
    java.lang.Object dynamicMethod(com.google.protobuf.GeneratedMessageLite$MethodToInvoke,java.lang.Object,java.lang.Object) -> a
    com.google.rpc.Status getCause() -> s
    com.google.protobuf.Timestamp getReadTime() -> t
    com.google.protobuf.ByteString getResumeToken() -> u
    com.google.firestore.v1.TargetChange$TargetChangeType getTargetChangeType() -> v
    int getTargetIdsCount() -> w
    java.util.List getTargetIdsList() -> x
    com.google.firestore.v1.TargetChange access$000() -> y
    com.google.firestore.v1.TargetChange getDefaultInstance() -> z
com.google.firestore.v1.TargetChange$1 -> b.c.d.a.m0$a:
    int[] $SwitchMap$com$google$protobuf$GeneratedMessageLite$MethodToInvoke -> a
com.google.firestore.v1.TargetChange$Builder -> b.c.d.a.m0$b:
com.google.firestore.v1.TargetChange$TargetChangeType -> b.c.d.a.m0$c:
    com.google.firestore.v1.TargetChange$TargetChangeType CURRENT -> f
    com.google.firestore.v1.TargetChange$TargetChangeType REMOVE -> e
    com.google.firestore.v1.TargetChange$TargetChangeType ADD -> d
    com.google.firestore.v1.TargetChange$TargetChangeType NO_CHANGE -> c
    com.google.firestore.v1.TargetChange$TargetChangeType[] $VALUES -> i
    int value -> b
    com.google.firestore.v1.TargetChange$TargetChangeType UNRECOGNIZED -> h
    com.google.firestore.v1.TargetChange$TargetChangeType RESET -> g
    com.google.firestore.v1.TargetChange$TargetChangeType forNumber(int) -> a
com.google.firestore.v1.TargetChange$TargetChangeType$1 -> b.c.d.a.m0$c$a:
    com.google.firestore.v1.TargetChange$TargetChangeType findValueByNumber(int) -> a
    com.google.protobuf.Internal$EnumLite findValueByNumber(int) -> a
com.google.firestore.v1.TargetChangeOrBuilder -> b.c.d.a.n0:
com.google.firestore.v1.TargetOrBuilder -> b.c.d.a.o0:
com.google.firestore.v1.TransactionOptions -> b.c.d.a.p0:
    java.lang.Object dynamicMethod(com.google.protobuf.GeneratedMessageLite$MethodToInvoke,java.lang.Object,java.lang.Object) -> a
    com.google.firestore.v1.TransactionOptions access$1000() -> s
com.google.firestore.v1.TransactionOptions$1 -> b.c.d.a.p0$a:
    int[] $SwitchMap$com$google$protobuf$GeneratedMessageLite$MethodToInvoke -> a
com.google.firestore.v1.TransactionOptions$Builder -> b.c.d.a.p0$b:
com.google.firestore.v1.TransactionOptions$ReadOnly -> b.c.d.a.p0$c:
    java.lang.Object dynamicMethod(com.google.protobuf.GeneratedMessageLite$MethodToInvoke,java.lang.Object,java.lang.Object) -> a
    com.google.firestore.v1.TransactionOptions$ReadOnly access$400() -> s