build/app/outputs/mapping/release/usage.txt
com.move.move_app_1.R$xml
com.move.move_app_1.R$style
com.move.move_app_1.R$dimen
com.move.move_app_1.R$styleable
com.move.move_app_1.R$id
com.move.move_app_1.R$drawable
com.move.move_app_1.R$mipmap
com.move.move_app_1.BuildConfig
com.move.move_app_1.R$attr
com.move.move_app_1.R$string
com.move.move_app_1.R
com.move.move_app_1.R$layout
com.move.move_app_1.R$integer
com.move.move_app_1.R$color
...
com.google.common.collect.Interners$InternerFunction
com.google.android.gms.common.data.BitmapTeleporter
com.google.protobuf.DurationOrBuilder
com.google.firebase.auth.FirebaseAuthProvider
com.google.android.gms.common.api.internal.RegisterListenerMethod:
    protected void <init>(com.google.android.gms.common.api.internal.ListenerHolder,com.google.android.gms.common.Feature[],boolean)
com.google.android.gms.common.util.AndroidUtilsLight:
    public void <init>()
    public static android.content.Context getDeviceProtectedStorageContext(android.content.Context)
com.google.firebase.firestore.model.package-info
com.google.common.graph.Traverser$GraphTraverser$DepthFirstIterator
kotlin.sequences.SequencesKt___SequencesKt$filterIndexed$1
com.google.common.util.concurrent.SmoothRateLimiter$1
com.google.firestore.v1.RollbackRequest
com.google.api.DocumentationOrBuilder
com.google.protobuf.GeneratedMessageLite$ExtendableBuilder
kotlin.reflect.TypeImpl
com.google.common.collect.Interner
com.google.android.gms.base.R$attr
javax.annotation.concurrent.GuardedBy
com.google.common.util.concurrent.FuturesGetChecked
io.grpc.stub.ClientCalls$BlockingResponseStream
androidx.lifecycle.MutableLiveData:
    public void postValue(java.lang.Object)
com.google.common.reflect.MutableTypeToInstanceMap$UnmodifiableEntry$2
io.grpc.ExperimentalApi
kotlin.ThrowsKt
com.google.common.collect.Synchronized$SynchronizedList
com.google.protobuf.DescriptorProtos$OneofOptions$Builder
com.google.api.Endpoint$1
com.google.gson.internal.$Gson$Types$GenericArrayTypeImpl
com.google.common.collect.DenseImmutableTable$Row
androidx.core.view.WindowInsetsCompat$Impl20
com.google.firebase.firestore.model.ObjectValue:
    public com.google.firestore.v1.Value getProto()
kotlin.collections.AbstractList$IteratorImpl
androidx.core.view.GestureDetectorCompat$GestureDetectorCompatImpl
com.google.android.gms.maps.internal.IUiSettingsDelegate:
    public abstract void setAllGesturesEnabled(boolean)
    public abstract void setIndoorLevelPickerEnabled(boolean)
    public abstract boolean isIndoorLevelPickerEnabled()
    public abstract void setScrollGesturesEnabledDuringRotateOrZoom(boolean)
    public abstract boolean isScrollGesturesEnabledDuringRotateOrZoom()
androidx.annotation.LongDef
kotlin.collections.AbstractMutableList
com.google.common.collect.ForwardingQueue
com.google.common.collect.ImmutableRangeSet$AsSet$1
com.google.android.gms.maps.zzh
com.google.common.cache.LocalCache$ManualSerializationProxy
kotlin.PreconditionsKt__AssertionsJVMKt
androidx.exifinterface.R
com.google.protobuf.DescriptorProtos$FileDescriptorProto$Builder
com.google.firestore.v1.CreateDocumentRequest$1
com.google.api.Quota$1
com.google.gson.internal.UnsafeAllocator
com.google.android.gms.internal.location.zzaa
kotlin.sequences.SequencesKt___SequencesKt$flatMap$2
kotlin.jvm.internal.ReflectionFactory
com.google.common.collect.MapMakerInternalMap$StrongKeyStrongValueEntry
com.google.common.util.concurrent.AbstractExecutionThreadService$1$1
com.google.firestore.v1.Target$TargetTypeCase
com.google.common.collect.AbstractMapBasedMultimap$AsMap$AsMapEntries
com.google.common.collect.TreeRangeMap$RangeMapEntry
com.google.protobuf.DescriptorProtos$DescriptorProto$ReservedRange
com.google.common.collect.ListMultimap
androidx.loader.content.ModernAsyncTask$WorkerRunnable
kotlin.text.CharDirectionality$Companion
com.google.api.Distribution$BucketOptionsOrBuilder
com.google.android.gms.location.ActivityTransitionRequest
kotlin.ranges.CharProgressionIterator
kotlin.jvm.internal.Ref$IntRef
androidx.core.app.FrameMetricsAggregator$FrameMetricsApi24Impl$1
com.google.firebase.firestore.QueryDocumentSnapshot:
    public java.lang.Object toObject(java.lang.Class)
    public java.lang.Object toObject(java.lang.Class,com.google.firebase.firestore.DocumentSnapshot$ServerTimestampBehavior)
com.google.type.Money